<?xml version="1.0" encoding="UTF-8"?>
<testng-results ignored="0" total="1" passed="1" failed="0" skipped="0">
  <reporter-output>
  </reporter-output>
  <suite started-at="2020-04-15T21:39:25 CEST" name="Default suite" finished-at="2020-04-15T21:39:35 CEST" duration-ms="10180">
    <groups>
    </groups>
    <test started-at="2020-04-15T21:39:25 CEST" name="Default test" finished-at="2020-04-15T21:39:35 CEST" duration-ms="10180">
      <class name="newtest.TestGET">
        <test-method signature="testOne()[pri:0, instance:newtest.TestGET@291caca8]" started-at="2020-04-15T21:39:25 CEST" name="testOne" finished-at="2020-04-15T21:39:35 CEST" duration-ms="9926" status="PASS">
          <reporter-output>
          </reporter-output>
        </test-method> <!-- testOne -->
      </class> <!-- newtest.TestGET -->
    </test> <!-- Default test -->
  </suite> <!-- Default suite -->
</testng-results>
